------------------------------------------------------------
Client connecting to 192.168.10.1, UDP port 5001
UDP buffer size: 0.203 MByte (default)
------------------------------------------------------------
[  3] local 192.168.10.2 port 50751 connected with 192.168.10.1 port 5001
[ ID] Interval       Transfer     Bandwidth
[  3] 0.0000-1.0000 sec  11.9 MBytes   100 Mbits/sec
[  3] 1.0000-2.0000 sec  11.9 MBytes   100 Mbits/sec
[  3] 2.0000-3.0000 sec  11.9 MBytes   100 Mbits/sec
[  3] 3.0000-4.0000 sec  11.9 MBytes   100 Mbits/sec
[  3] 4.0000-5.0000 sec  11.9 MBytes   100 Mbits/sec
[  3] 5.0000-6.0000 sec  11.9 MBytes   100 Mbits/sec
[  3] 6.0000-7.0000 sec  11.9 MBytes   100 Mbits/sec
[  3] 7.0000-8.0000 sec  11.9 MBytes   100 Mbits/sec
[  3] 8.0000-9.0000 sec  11.9 MBytes   100 Mbits/sec
[  3] 9.0000-10.0000 sec  11.9 MBytes   100 Mbits/sec
[  3] 0.0000-10.0003 sec   119 MBytes   100 Mbits/sec
[  3] Sent 85039 datagrams
[  3] Server Report:
[ ID] Interval       Transfer     Bandwidth        Jitter   Lost/Total Datagrams
[  3] 0.0000-9.9999 sec   119 MBytes   100 Mbits/sec   0.025 ms    0/85038 (0%)
