------------------------------------------------------------
Client connecting to 192.168.10.1, UDP port 5001
UDP buffer size:  208 KByte (default)
------------------------------------------------------------
[  3] local 192.168.10.2 port 51343 connected with 192.168.10.1 port 5001
[ ID] Interval       Transfer     Bandwidth
[  3] 0.0000-1.0000 sec  13.0 KBytes   106 Kbits/sec
[  3] 1.0000-2.0000 sec  12.9 KBytes   106 Kbits/sec
[  3] 2.0000-3.0000 sec  11.5 KBytes  94.1 Kbits/sec
[  3] 3.0000-4.0000 sec  12.9 KBytes   106 Kbits/sec
[  3] 4.0000-5.0000 sec  11.5 KBytes  94.1 Kbits/sec
[  3] 5.0000-6.0000 sec  12.9 KBytes   106 Kbits/sec
[  3] 6.0000-7.0000 sec  11.5 KBytes  94.1 Kbits/sec
[  3] 7.0000-8.0000 sec  12.9 KBytes   106 Kbits/sec
[  3] 8.0000-9.0000 sec  11.5 KBytes  94.1 Kbits/sec
[  3] 9.0000-10.0000 sec  12.9 KBytes   106 Kbits/sec
[  3] 0.0000-10.2313 sec   126 KBytes   101 Kbits/sec
[  3] Sent 90 datagrams
[  3] Server Report:
[ ID] Interval       Transfer     Bandwidth        Jitter   Lost/Total Datagrams
[  3] 0.0000-10.2312 sec   126 KBytes   101 Kbits/sec   0.076 ms    0/   89 (0%)
